<?xml version="1.0" encoding="UTF-8"?>
<testng-results ignored="0" total="2" passed="2" failed="0" skipped="0">
  <reporter-output>
  </reporter-output>
  <suite started-at="2021-11-03T14:32:28 IST" name="Default suite" finished-at="2021-11-03T14:32:49 IST" duration-ms="21480">
    <groups>
    </groups>
    <test started-at="2021-11-03T14:32:28 IST" name="Default test" finished-at="2021-11-03T14:32:49 IST" duration-ms="21480">
      <class name="assignment1.mavenn.Basic">
        <test-method signature="chrome()[pri:0, instance:assignment1.mavenn.Basic@3246fb96]" started-at="2021-11-03T14:32:28 IST" name="chrome" finished-at="2021-11-03T14:32:33 IST" duration-ms="4961" status="PASS">
          <reporter-output>
          </reporter-output>
        </test-method> <!-- chrome -->
        <test-method is-config="true" signature="main()[pri:0, instance:assignment1.mavenn.Basic@3246fb96]" started-at="2021-11-03T14:32:33 IST" name="main" finished-at="2021-11-03T14:32:38 IST" duration-ms="5409" status="PASS">
          <reporter-output>
          </reporter-output>
        </test-method> <!-- main -->
        <test-method signature="edge()[pri:0, instance:assignment1.mavenn.Basic@3246fb96]" started-at="2021-11-03T14:32:38 IST" name="edge" finished-at="2021-11-03T14:32:39 IST" duration-ms="1409" status="PASS">
          <reporter-output>
          </reporter-output>
        </test-method> <!-- edge -->
        <test-method is-config="true" signature="main()[pri:0, instance:assignment1.mavenn.Basic@3246fb96]" started-at="2021-11-03T14:32:39 IST" name="main" finished-at="2021-11-03T14:32:49 IST" duration-ms="9664" status="PASS">
          <reporter-output>
          </reporter-output>
        </test-method> <!-- main -->
      </class> <!-- assignment1.mavenn.Basic -->
    </test> <!-- Default test -->
  </suite> <!-- Default suite -->
</testng-results>
